<?xml version="1.0" encoding="UTF-8"?>
<testng-results skipped="0" failed="0" ignored="0" total="1" passed="1">
  <reporter-output>
    <line>
      <![CDATA[The Controller sheet is successfully loaded]]>
    </line>
    <line>
      <![CDATA[STEP2]]>
    </line>
  </reporter-output>
  <suite name="Regression Test Script Execution Status" duration-ms="38584" started-at="2017-03-28T05:13:35Z" finished-at="2017-03-28T05:14:14Z">
    <groups>
    </groups>
    <test name="SignInTestcase" duration-ms="38584" started-at="2017-03-28T05:13:35Z" finished-at="2017-03-28T05:14:14Z">
      <class name="com.ta3s.testcases.LoginTest">
        <test-method status="PASS" signature="initiate()[pri:0, instance:com.ta3s.testcases.LoginTest@55f3ddb1]" name="initiate" is-config="true" duration-ms="161212" started-at="2017-03-28T10:40:54Z" finished-at="2017-03-28T10:43:35Z">
          <reporter-output>
          </reporter-output>
        </test-method> <!-- initiate -->
        <test-method status="PASS" signature="setUp()[pri:0, instance:com.ta3s.testcases.LoginTest@55f3ddb1]" name="setUp" is-config="true" duration-ms="33833" started-at="2017-03-28T10:43:36Z" finished-at="2017-03-28T10:44:10Z">
          <reporter-output>
            <line>
              <![CDATA[The Controller sheet is successfully loaded]]>
            </line>
          </reporter-output>
        </test-method> <!-- setUp -->
        <test-method status="PASS" signature="SignIn()[pri:0, instance:com.ta3s.testcases.LoginTest@55f3ddb1]" name="SignIn" duration-ms="3808" started-at="2017-03-28T10:44:10Z" finished-at="2017-03-28T10:44:14Z">
          <reporter-output>
            <line>
              <![CDATA[STEP2]]>
            </line>
          </reporter-output>
        </test-method> <!-- SignIn -->
        <test-method status="PASS" signature="tearDown()[pri:0, instance:com.ta3s.testcases.LoginTest@55f3ddb1]" name="tearDown" is-config="true" duration-ms="14105" started-at="2017-03-28T10:44:15Z" finished-at="2017-03-28T10:44:29Z">
          <reporter-output>
          </reporter-output>
        </test-method> <!-- tearDown -->
      </class> <!-- com.ta3s.testcases.LoginTest -->
    </test> <!-- SignInTestcase -->
  </suite> <!-- Regression Test Script Execution Status -->
</testng-results>
